12-17 13:30:31 com_github_MitjaNemec_ReplicateLayout.action_replicate_layout 392:Plugin executed on: 'win32'
12-17 13:30:31 com_github_MitjaNemec_ReplicateLayout.action_replicate_layout 393:Plugin executed with python version: '3.9.16 (main, Apr  9 2023, 05:22:13) [MSC v.1934 64 bit (AMD64)]'
12-17 13:30:31 com_github_MitjaNemec_ReplicateLayout.action_replicate_layout 394:KiCad build version: 7.0.2
12-17 13:30:31 com_github_MitjaNemec_ReplicateLayout.action_replicate_layout 395:Plugin version: 2.1.3
12-17 13:30:31 com_github_MitjaNemec_ReplicateLayout.action_replicate_layout 396:Frame repr: <wx._core.Frame object at 0x000001EBBA4814C0>
12-17 13:30:31 com_github_MitjaNemec_ReplicateLayout.action_replicate_layout 420:Preparing replicator with Q7 as a reference
12-17 13:30:31 com_github_MitjaNemec_ReplicateLayout.replicate_layout 117:getting a list of all footprints on board
12-17 13:30:31 com_github_MitjaNemec_ReplicateLayout.replicate_layout 136:Footprint G*** does not have Sheetfile property, it will not be replicated. Most likely it is only in layout
12-17 13:30:31 com_github_MitjaNemec_ReplicateLayout.replicate_layout 136:Footprint G*** does not have Sheetfile property, it will not be replicated. Most likely it is only in layout
12-17 13:30:31 com_github_MitjaNemec_ReplicateLayout.action_replicate_layout 468:source anchor footprint is 'Q7'
Located on: ['A9G_GSM_GPRS_MODULE', 'MOSFET_LOGIC_LEVEL_TRANSLATOR7']
With filenames: ['A9G_GSM_GPRS_MODULE.kicad_sch', 'MOSFET_LOGIC_LEVEL_TRANSLATOR.kicad_sch']
With sheet_id:['A9G_GSM_GPRS_MODULE', 'MOSFET_LOGIC_LEVEL_TRANSLATOR7']
12-17 13:30:31 com_github_MitjaNemec_ReplicateLayout.action_replicate_layout 475:Corresponding footprints are 
[('Q8', ['A9G_GSM_GPRS_MODULE', 'MOSFET_LOGIC_LEVEL_TRANSLATOR8']), ('Q9', ['A9G_GSM_GPRS_MODULE', 'MOSFET_LOGIC_LEVEL_TRANSLATOR9']), ('Q4', ['A9G_GSM_GPRS_MODULE', 'MOSFET_LOGIC_LEVEL_TRANSLATOR6']), ('Q7', ['A9G_GSM_GPRS_MODULE', 'MOSFET_LOGIC_LEVEL_TRANSLATOR7'])]
12-17 13:30:31 com_github_MitjaNemec_ReplicateLayout.action_replicate_layout 487:Showing dialog
12-17 13:30:32 com_github_MitjaNemec_ReplicateLayout.replicate_layout 424:constructing a list of sheets suitable for replication on level:'MOSFET_LOGIC_LEVEL_TRANSLATOR7', file:'MOSFET_LOGIC_LEVEL_TRANSLATOR.kicad_sch'
12-17 13:30:32 com_github_MitjaNemec_ReplicateLayout.replicate_layout 461:suitable sheets are:[['A9G_GSM_GPRS_MODULE', 'MOSFET_LOGIC_LEVEL_TRANSLATOR6'], ['A9G_GSM_GPRS_MODULE', 'MOSFET_LOGIC_LEVEL_TRANSLATOR8'], ['A9G_GSM_GPRS_MODULE', 'MOSFET_LOGIC_LEVEL_TRANSLATOR9']]
12-17 13:30:32 com_github_MitjaNemec_ReplicateLayout.replicate_layout 1464:Level selected: ['A9G_GSM_GPRS_MODULE', 'MOSFET_LOGIC_LEVEL_TRANSLATOR7']
12-17 13:30:32 com_github_MitjaNemec_ReplicateLayout.replicate_layout 1299:Filtering list of tracks
12-17 13:30:32 com_github_MitjaNemec_ReplicateLayout.action_replicate_layout 493:Toolbar position: wx.Point(2837, 93)
12-17 13:30:32 com_github_MitjaNemec_ReplicateLayout.action_replicate_layout 498:Dialog position: wx.Point(2398, 93)
12-17 13:30:36 com_github_MitjaNemec_ReplicateLayout.replicate_layout 424:constructing a list of sheets suitable for replication on level:'MOSFET_LOGIC_LEVEL_TRANSLATOR7', file:'MOSFET_LOGIC_LEVEL_TRANSLATOR.kicad_sch'
12-17 13:30:36 com_github_MitjaNemec_ReplicateLayout.replicate_layout 461:suitable sheets are:[['A9G_GSM_GPRS_MODULE', 'MOSFET_LOGIC_LEVEL_TRANSLATOR6'], ['A9G_GSM_GPRS_MODULE', 'MOSFET_LOGIC_LEVEL_TRANSLATOR8'], ['A9G_GSM_GPRS_MODULE', 'MOSFET_LOGIC_LEVEL_TRANSLATOR9']]
12-17 13:30:36 com_github_MitjaNemec_ReplicateLayout.action_replicate_layout 240:Replicating layout
12-17 13:30:36 com_github_MitjaNemec_ReplicateLayout.replicate_layout 240:Starting replication of sheets: [['A9G_GSM_GPRS_MODULE', 'MOSFET_LOGIC_LEVEL_TRANSLATOR6'], ['A9G_GSM_GPRS_MODULE', 'MOSFET_LOGIC_LEVEL_TRANSLATOR8'], ['A9G_GSM_GPRS_MODULE', 'MOSFET_LOGIC_LEVEL_TRANSLATOR9']]
on level: ['A9G_GSM_GPRS_MODULE', 'MOSFET_LOGIC_LEVEL_TRANSLATOR7']
with tracks=True, zone=True, text=True, text=True, intersecting=False, remove=False, locked footprints=False, group_only=False
12-17 13:30:36 root 332:updating GUI message: 'Preparing for replication'
12-17 13:30:36 root 337:updating GUI with: 0
12-17 13:30:36 com_github_MitjaNemec_ReplicateLayout.replicate_layout 310:Getting the list of source footprints
12-17 13:30:36 root 337:updating GUI with: 0
12-17 13:30:36 com_github_MitjaNemec_ReplicateLayout.replicate_layout 320:Getting the list of all the remaining footprints
12-17 13:30:36 com_github_MitjaNemec_ReplicateLayout.replicate_layout 327:Getting source tracks
12-17 13:30:36 com_github_MitjaNemec_ReplicateLayout.replicate_layout 1299:Filtering list of tracks
12-17 13:30:36 com_github_MitjaNemec_ReplicateLayout.replicate_layout 331:Getting source zones
12-17 13:30:36 root 337:updating GUI with: 50
12-17 13:30:36 com_github_MitjaNemec_ReplicateLayout.replicate_layout 335:Getting source text items
12-17 13:30:36 root 337:updating GUI with: 66
12-17 13:30:36 com_github_MitjaNemec_ReplicateLayout.replicate_layout 339:Getting source drawing items
12-17 13:30:36 root 332:updating GUI message: 'Replicating footprints'
12-17 13:30:36 root 337:updating GUI with: 0
12-17 13:30:36 com_github_MitjaNemec_ReplicateLayout.replicate_layout 806:Replicating footprints
12-17 13:30:36 com_github_MitjaNemec_ReplicateLayout.replicate_layout 813:Replicating footprints on sheet ['A9G_GSM_GPRS_MODULE', 'MOSFET_LOGIC_LEVEL_TRANSLATOR6']
12-17 13:30:36 root 337:updating GUI with: 16
12-17 13:30:36 com_github_MitjaNemec_ReplicateLayout.replicate_layout 813:Replicating footprints on sheet ['A9G_GSM_GPRS_MODULE', 'MOSFET_LOGIC_LEVEL_TRANSLATOR8']
12-17 13:30:36 com_github_MitjaNemec_ReplicateLayout.replicate_layout 813:Replicating footprints on sheet ['A9G_GSM_GPRS_MODULE', 'MOSFET_LOGIC_LEVEL_TRANSLATOR9']
12-17 13:30:36 root 337:updating GUI with: 91
12-17 13:30:36 root 332:updating GUI message: 'Replicating tracks'
12-17 13:30:36 com_github_MitjaNemec_ReplicateLayout.replicate_layout 977:Replicating tracks
12-17 13:30:36 com_github_MitjaNemec_ReplicateLayout.replicate_layout 983:Replicating tracks on sheet ['A9G_GSM_GPRS_MODULE', 'MOSFET_LOGIC_LEVEL_TRANSLATOR6']
12-17 13:30:36 com_github_MitjaNemec_ReplicateLayout.replicate_layout 766:Net pairs for sheet ['A9G_GSM_GPRS_MODULE', 'MOSFET_LOGIC_LEVEL_TRANSLATOR6'] :[('2V8', '2V8'), ('Net-(Q7-S)', 'Net-(Q4-S)'), ('+3V3', '+3V3'), ('/A9G_GSM_GPRS_MODULE/GPS_RXD', '/A9G_GSM_GPRS_MODULE/GPS_TXD'), ('/A9G_GSM_GPRS_MODULE/MOSFET_LOGIC_LEVEL_TRANSLATOR7/LOW_SIDE_LOGIC_SIGNAL', '/A9G_GSM_GPRS_MODULE/MOSFET_LOGIC_LEVEL_TRANSLATOR6/LOW_SIDE_LOGIC_SIGNAL')]
12-17 13:30:36 root 337:updating GUI with: 33
12-17 13:30:36 com_github_MitjaNemec_ReplicateLayout.replicate_layout 983:Replicating tracks on sheet ['A9G_GSM_GPRS_MODULE', 'MOSFET_LOGIC_LEVEL_TRANSLATOR8']
12-17 13:30:36 com_github_MitjaNemec_ReplicateLayout.replicate_layout 750:Significant difference between src net: ['', 'A9G_GSM_GPRS_MODULE', 'GPS_RXD'] and dst net: ['', 'STM32FC8T6_MCU', 'TX1'], with src_net_depth=3, dst_net_depth=3, src_fp_depth=2, dst_fp_depth=2, match level 0.56
12-17 13:30:36 com_github_MitjaNemec_ReplicateLayout.replicate_layout 750:Significant difference between src net: ['', 'A9G_GSM_GPRS_MODULE', 'GPS_RXD'] and dst net: ['', 'STM32FC8T6_MCU', 'TX1'], with src_net_depth=3, dst_net_depth=3, src_fp_depth=2, dst_fp_depth=2, match level 0.56
12-17 13:30:36 com_github_MitjaNemec_ReplicateLayout.replicate_layout 766:Net pairs for sheet ['A9G_GSM_GPRS_MODULE', 'MOSFET_LOGIC_LEVEL_TRANSLATOR8'] :[('Net-(Q7-S)', 'Net-(Q8-S)'), ('2V8', '2V8'), ('+3V3', '+3V3'), ('/A9G_GSM_GPRS_MODULE/MOSFET_LOGIC_LEVEL_TRANSLATOR7/LOW_SIDE_LOGIC_SIGNAL', '/A9G_GSM_GPRS_MODULE/MOSFET_LOGIC_LEVEL_TRANSLATOR8/LOW_SIDE_LOGIC_SIGNAL'), ('/A9G_GSM_GPRS_MODULE/GPS_RXD', '/STM32FC8T6_MCU/TX1')]
12-17 13:30:36 com_github_MitjaNemec_ReplicateLayout.replicate_layout 983:Replicating tracks on sheet ['A9G_GSM_GPRS_MODULE', 'MOSFET_LOGIC_LEVEL_TRANSLATOR9']
12-17 13:30:36 com_github_MitjaNemec_ReplicateLayout.replicate_layout 750:Significant difference between src net: ['', 'A9G_GSM_GPRS_MODULE', 'GPS_RXD'] and dst net: ['', 'STM32FC8T6_MCU', 'RX1'], with src_net_depth=3, dst_net_depth=3, src_fp_depth=2, dst_fp_depth=2, match level 0.66
12-17 13:30:36 com_github_MitjaNemec_ReplicateLayout.replicate_layout 750:Significant difference between src net: ['', 'A9G_GSM_GPRS_MODULE', 'GPS_RXD'] and dst net: ['', 'STM32FC8T6_MCU', 'RX1'], with src_net_depth=3, dst_net_depth=3, src_fp_depth=2, dst_fp_depth=2, match level 0.66
12-17 13:30:36 com_github_MitjaNemec_ReplicateLayout.replicate_layout 766:Net pairs for sheet ['A9G_GSM_GPRS_MODULE', 'MOSFET_LOGIC_LEVEL_TRANSLATOR9'] :[('2V8', '2V8'), ('/A9G_GSM_GPRS_MODULE/GPS_RXD', '/STM32FC8T6_MCU/RX1'), ('Net-(Q7-S)', 'Net-(Q9-S)'), ('+3V3', '+3V3'), ('/A9G_GSM_GPRS_MODULE/MOSFET_LOGIC_LEVEL_TRANSLATOR7/LOW_SIDE_LOGIC_SIGNAL', '/A9G_GSM_GPRS_MODULE/MOSFET_LOGIC_LEVEL_TRANSLATOR9/LOW_SIDE_LOGIC_SIGNAL')]
12-17 13:30:36 root 332:updating GUI message: 'Replicating zones'
12-17 13:30:36 com_github_MitjaNemec_ReplicateLayout.replicate_layout 1047:Replicating zones
12-17 13:30:36 com_github_MitjaNemec_ReplicateLayout.replicate_layout 1054:Replicating zones on sheet ['A9G_GSM_GPRS_MODULE', 'MOSFET_LOGIC_LEVEL_TRANSLATOR6']
12-17 13:30:36 com_github_MitjaNemec_ReplicateLayout.replicate_layout 766:Net pairs for sheet ['A9G_GSM_GPRS_MODULE', 'MOSFET_LOGIC_LEVEL_TRANSLATOR6'] :[('2V8', '2V8'), ('Net-(Q7-S)', 'Net-(Q4-S)'), ('+3V3', '+3V3'), ('/A9G_GSM_GPRS_MODULE/GPS_RXD', '/A9G_GSM_GPRS_MODULE/GPS_TXD'), ('/A9G_GSM_GPRS_MODULE/MOSFET_LOGIC_LEVEL_TRANSLATOR7/LOW_SIDE_LOGIC_SIGNAL', '/A9G_GSM_GPRS_MODULE/MOSFET_LOGIC_LEVEL_TRANSLATOR6/LOW_SIDE_LOGIC_SIGNAL')]
12-17 13:30:36 com_github_MitjaNemec_ReplicateLayout.replicate_layout 1054:Replicating zones on sheet ['A9G_GSM_GPRS_MODULE', 'MOSFET_LOGIC_LEVEL_TRANSLATOR8']
12-17 13:30:36 com_github_MitjaNemec_ReplicateLayout.replicate_layout 750:Significant difference between src net: ['', 'A9G_GSM_GPRS_MODULE', 'GPS_RXD'] and dst net: ['', 'STM32FC8T6_MCU', 'TX1'], with src_net_depth=3, dst_net_depth=3, src_fp_depth=2, dst_fp_depth=2, match level 0.56
12-17 13:30:36 com_github_MitjaNemec_ReplicateLayout.replicate_layout 750:Significant difference between src net: ['', 'A9G_GSM_GPRS_MODULE', 'GPS_RXD'] and dst net: ['', 'STM32FC8T6_MCU', 'TX1'], with src_net_depth=3, dst_net_depth=3, src_fp_depth=2, dst_fp_depth=2, match level 0.56
12-17 13:30:36 com_github_MitjaNemec_ReplicateLayout.replicate_layout 766:Net pairs for sheet ['A9G_GSM_GPRS_MODULE', 'MOSFET_LOGIC_LEVEL_TRANSLATOR8'] :[('Net-(Q7-S)', 'Net-(Q8-S)'), ('2V8', '2V8'), ('+3V3', '+3V3'), ('/A9G_GSM_GPRS_MODULE/MOSFET_LOGIC_LEVEL_TRANSLATOR7/LOW_SIDE_LOGIC_SIGNAL', '/A9G_GSM_GPRS_MODULE/MOSFET_LOGIC_LEVEL_TRANSLATOR8/LOW_SIDE_LOGIC_SIGNAL'), ('/A9G_GSM_GPRS_MODULE/GPS_RXD', '/STM32FC8T6_MCU/TX1')]
12-17 13:30:36 root 337:updating GUI with: 66
12-17 13:30:36 com_github_MitjaNemec_ReplicateLayout.replicate_layout 1054:Replicating zones on sheet ['A9G_GSM_GPRS_MODULE', 'MOSFET_LOGIC_LEVEL_TRANSLATOR9']
12-17 13:30:36 com_github_MitjaNemec_ReplicateLayout.replicate_layout 750:Significant difference between src net: ['', 'A9G_GSM_GPRS_MODULE', 'GPS_RXD'] and dst net: ['', 'STM32FC8T6_MCU', 'RX1'], with src_net_depth=3, dst_net_depth=3, src_fp_depth=2, dst_fp_depth=2, match level 0.66
12-17 13:30:36 com_github_MitjaNemec_ReplicateLayout.replicate_layout 750:Significant difference between src net: ['', 'A9G_GSM_GPRS_MODULE', 'GPS_RXD'] and dst net: ['', 'STM32FC8T6_MCU', 'RX1'], with src_net_depth=3, dst_net_depth=3, src_fp_depth=2, dst_fp_depth=2, match level 0.66
12-17 13:30:36 com_github_MitjaNemec_ReplicateLayout.replicate_layout 766:Net pairs for sheet ['A9G_GSM_GPRS_MODULE', 'MOSFET_LOGIC_LEVEL_TRANSLATOR9'] :[('2V8', '2V8'), ('/A9G_GSM_GPRS_MODULE/GPS_RXD', '/STM32FC8T6_MCU/RX1'), ('Net-(Q7-S)', 'Net-(Q9-S)'), ('+3V3', '+3V3'), ('/A9G_GSM_GPRS_MODULE/MOSFET_LOGIC_LEVEL_TRANSLATOR7/LOW_SIDE_LOGIC_SIGNAL', '/A9G_GSM_GPRS_MODULE/MOSFET_LOGIC_LEVEL_TRANSLATOR9/LOW_SIDE_LOGIC_SIGNAL')]
12-17 13:30:36 root 332:updating GUI message: 'Replicating text'
12-17 13:30:36 com_github_MitjaNemec_ReplicateLayout.replicate_layout 1136:Replicating text
12-17 13:30:36 com_github_MitjaNemec_ReplicateLayout.replicate_layout 1143:Replicating text on sheet ['A9G_GSM_GPRS_MODULE', 'MOSFET_LOGIC_LEVEL_TRANSLATOR6']
12-17 13:30:36 com_github_MitjaNemec_ReplicateLayout.replicate_layout 1143:Replicating text on sheet ['A9G_GSM_GPRS_MODULE', 'MOSFET_LOGIC_LEVEL_TRANSLATOR8']
12-17 13:30:36 com_github_MitjaNemec_ReplicateLayout.replicate_layout 1143:Replicating text on sheet ['A9G_GSM_GPRS_MODULE', 'MOSFET_LOGIC_LEVEL_TRANSLATOR9']
12-17 13:30:36 root 332:updating GUI message: 'Replicating drawings'
12-17 13:30:36 com_github_MitjaNemec_ReplicateLayout.replicate_layout 1187:Replicating drawings
12-17 13:30:36 com_github_MitjaNemec_ReplicateLayout.replicate_layout 1193:Replicating drawings on sheet ['A9G_GSM_GPRS_MODULE', 'MOSFET_LOGIC_LEVEL_TRANSLATOR6']
12-17 13:30:36 com_github_MitjaNemec_ReplicateLayout.replicate_layout 1193:Replicating drawings on sheet ['A9G_GSM_GPRS_MODULE', 'MOSFET_LOGIC_LEVEL_TRANSLATOR8']
12-17 13:30:36 com_github_MitjaNemec_ReplicateLayout.replicate_layout 1193:Replicating drawings on sheet ['A9G_GSM_GPRS_MODULE', 'MOSFET_LOGIC_LEVEL_TRANSLATOR9']
12-17 13:30:36 com_github_MitjaNemec_ReplicateLayout.action_replicate_layout 256:Replication complete
12-17 13:30:36 com_github_MitjaNemec_ReplicateLayout.action_replicate_layout 259:Letting the user know there are some issues with replicated design
12-17 13:30:36 com_github_MitjaNemec_ReplicateLayout.action_replicate_layout 263:Looks like the design has an exotic connectivity that the plugin might not handle properly
 Make sure that you check the connectivity around:
Footprint R55, pad 2
Footprint Q8, pad 3
Footprint Q9, pad 3
Footprint R52, pad 2

